Arguments: 
  /usr/local/Cellar/node/12.4.0/bin/node /usr/local/Cellar/yarn/1.16.0/libexec/bin/yarn.js build

PATH: 
  /usr/local/bin://Users/mac/bin:/usr/local/bin:/usr/local/bin:/usr/bin:/bin:/usr/sbin:/sbin://Users/mac/bin

Yarn version: 
  1.16.0

Node version: 
  12.4.0

Platform: 
  darwin x64

Trace: 
  SyntaxError: /Users/mac/wyny/demo/dojo-cli/package.json: Unexpected token / in JSON at position 78
      at JSON.parse (<anonymous>)
      at /usr/local/Cellar/yarn/1.16.0/libexec/lib/cli.js:1625:59
      at Generator.next (<anonymous>)
      at step (/usr/local/Cellar/yarn/1.16.0/libexec/lib/cli.js:304:30)
      at /usr/local/Cellar/yarn/1.16.0/libexec/lib/cli.js:315:13

npm manifest: 
  {
    "name": "make-it",
    "version": "1.0.0",
    "description": "node 命令行开发",
    // "main": "index.js",
    "scripts": {
      "test": "echo \"Error: no test specified\" && exit 1",
      "build": "node index.js build"
    },
    "bin": {
      "make": "index.js"
    },
    "keywords": [
      "make-it"
    ],
    "author": "sam",
    "license": "ISC",
    "devDependencies": {
      "chalk": "^4.0.0",
      "commander": "^5.0.0",
      "download-git-repo": "^3.0.2",
      "eslint": "^6.8.0",
      "handlebars": "^4.7.6",
      "inquirer": "^7.1.0",
      "log-symbols": "^3.0.0",
      "ora": "^4.0.3",
      "prettier": "^2.0.4"
    }
  }

yarn manifest: 
  No manifest

Lockfile: 
  No lockfile
